[debug] [2019-04-03T20:37:16.010Z] ----------------------------------------------------------------------
[debug] [2019-04-03T20:37:16.012Z] Command:       /Users/claudiodelvallea./.nvm/versions/node/v10.14.1/bin/node /Users/claudiodelvallea./.nvm/versions/node/v10.14.1/bin/firebase serve --only functions
[debug] [2019-04-03T20:37:16.013Z] CLI Version:   6.4.0
[debug] [2019-04-03T20:37:16.013Z] Platform:      darwin
[debug] [2019-04-03T20:37:16.013Z] Node Version:  v10.14.1
[debug] [2019-04-03T20:37:16.014Z] Time:          Wed Apr 03 2019 16:37:16 GMT-0400 (Eastern Daylight Time)
[debug] [2019-04-03T20:37:16.014Z] ----------------------------------------------------------------------
[debug] 
[debug] [2019-04-03T20:37:16.027Z] > command requires scopes: ["email","openid","https://www.googleapis.com/auth/cloudplatformprojects.readonly","https://www.googleapis.com/auth/firebase","https://www.googleapis.com/auth/cloud-platform"]
[debug] [2019-04-03T20:37:16.028Z] > authorizing via signed-in user
[debug] [2019-04-03T20:37:16.028Z] [iam] checking project pitch-9db22 for permissions ["firebase.projects.get"]
[debug] [2019-04-03T20:37:16.030Z] >>> HTTP REQUEST POST https://cloudresourcemanager.googleapis.com/v1/projects/pitch-9db22:testIamPermissions  

[debug] [2019-04-03T20:37:16.301Z] <<< HTTP RESPONSE 200
[debug] [2019-04-03T20:37:16.303Z] >>> HTTP REQUEST GET https://cloudresourcemanager.googleapis.com/v1/projects/pitch-9db22  
 
[debug] [2019-04-03T20:37:16.519Z] <<< HTTP RESPONSE 200
[info] 
[info] === Serving from '/Users/claudiodelvallea./Documents/Projects/Pitch'...
[info] 
[info] i  functions: Preparing to emulate functions.
[debug] [2019-04-03T20:37:17.178Z] Fetching environment
[debug] [2019-04-03T20:37:17.180Z] >>> HTTP REQUEST GET https://mobilesdk-pa.googleapis.com/v1/projects/82436193294:getServerAppConfig  
 
[debug] [2019-04-03T20:37:17.375Z] <<< HTTP RESPONSE 200
[debug] [2019-04-03T20:37:17.376Z] Starting @google-cloud/functions-emulator
[debug] [2019-04-03T20:37:18.946Z] Parsing function triggers
[info] ✔  functions: createBandUser: http://localhost:5000/pitch-9db22/us-central1/createBandUser
